[2025-08-23 20:05:54] [32minfo[39m: Server running on port 5001
[2025-08-23 20:06:00] [32minfo[39m: Server running on port 5001
[2025-08-23 20:06:36] [32minfo[39m: Server running on port 5001
[2025-08-23 20:07:55] [32minfo[39m: Server running on port 5001
[2025-08-23 20:10:51] [32minfo[39m: Server running on port 5001
[2025-08-23 20:10:54] [32minfo[39m: Server running on port 5001
[2025-08-23 20:10:56] [32minfo[39m: Server running on port 5001
[2025-08-23 20:12:14] [32minfo[39m: Server running on port 5001
[2025-08-23 20:12:20] [32minfo[39m: Server running on port 5001
[2025-08-23 20:12:56] [32minfo[39m: Server running on port 5001
[2025-08-23 20:12:56] [32minfo[39m: Database connected successfully
[2025-08-23 20:13:12] [32minfo[39m: Server running on port 5001
[2025-08-23 20:13:12] [32minfo[39m: Database connected successfully
[2025-08-23 20:18:08] [32minfo[39m: Server running on port 5001
[2025-08-23 20:18:31] [32minfo[39m: Server running on port 5001
[2025-08-23 20:18:31] [32minfo[39m: Database connected successfully
[2025-08-23 20:19:49] [32minfo[39m: Server running on port 5001
[2025-08-23 20:19:49] [32minfo[39m: Database connected successfully
[2025-08-23 20:23:35] [32minfo[39m: Server running on port 5001
[2025-08-23 20:23:35] [32minfo[39m: Database connected successfully
[2025-08-23 20:31:16] [32minfo[39m: Server running on port 5001
[2025-08-23 20:31:16] [32minfo[39m: Database connected successfully
[2025-08-23 20:32:17] [32minfo[39m: Server running on port 5001
[2025-08-23 20:32:17] [32minfo[39m: Database connected successfully
[2025-08-23 20:32:25] [32minfo[39m: Server running on port 5001
[2025-08-23 20:32:25] [32minfo[39m: Database connected successfully
[2025-08-23 20:32:33] [32minfo[39m: Server running on port 5001
[2025-08-23 20:32:33] [32minfo[39m: Database connected successfully
[2025-08-23 20:32:55] [32minfo[39m: Server running on port 5001
[2025-08-23 20:32:55] [32minfo[39m: Database connected successfully
[2025-08-23 20:33:29] [32minfo[39m: Server running on port 5001
[2025-08-23 20:33:29] [32minfo[39m: Database connected successfully
[2025-08-23 20:33:35] [32minfo[39m: Server running on port 5001
[2025-08-23 20:33:35] [32minfo[39m: Database connected successfully
[2025-08-23 20:33:53] [32minfo[39m: Server running on port 5001
[2025-08-23 20:33:53] [32minfo[39m: Database connected successfully
[2025-08-23 20:34:02] [32minfo[39m: Server running on port 5001
[2025-08-23 20:34:02] [32minfo[39m: Database connected successfully
[2025-08-23 20:34:12] [32minfo[39m: Server running on port 5001
[2025-08-23 20:34:12] [32minfo[39m: Database connected successfully
[2025-08-23 20:34:25] [32minfo[39m: Server running on port 5001
[2025-08-23 20:34:25] [32minfo[39m: Database connected successfully
[2025-08-23 20:34:36] [32minfo[39m: Server running on port 5001
[2025-08-23 20:34:36] [32minfo[39m: Database connected successfully
[2025-08-23 20:34:51] [32minfo[39m: Server running on port 5001
[2025-08-23 20:34:51] [32minfo[39m: Database connected successfully
[2025-08-23 20:35:07] [32minfo[39m: Server running on port 5001
[2025-08-23 20:35:07] [32minfo[39m: Database connected successfully
[2025-08-23 20:35:22] [32minfo[39m: Server running on port 5001
[2025-08-23 20:35:22] [32minfo[39m: Database connected successfully
[2025-08-23 20:35:32] [32minfo[39m: Server running on port 5001
[2025-08-23 20:35:32] [32minfo[39m: Database connected successfully
[2025-08-23 20:35:44] [32minfo[39m: Server running on port 5001
[2025-08-23 20:35:44] [32minfo[39m: Database connected successfully
[2025-08-23 20:35:57] [32minfo[39m: Server running on port 5001
[2025-08-23 20:35:57] [32minfo[39m: Database connected successfully
[2025-08-23 20:36:04] [32minfo[39m: Server running on port 5001
[2025-08-23 20:36:04] [32minfo[39m: Database connected successfully
[2025-08-23 20:36:14] [32minfo[39m: Server running on port 5001
[2025-08-23 20:36:14] [32minfo[39m: Database connected successfully
[2025-08-23 20:36:19] [32minfo[39m: Server running on port 5001
[2025-08-23 20:36:19] [32minfo[39m: Database connected successfully
[2025-08-23 20:36:24] [32minfo[39m: Server running on port 5001
[2025-08-23 20:36:24] [32minfo[39m: Database connected successfully
[2025-08-23 20:36:31] [32minfo[39m: Server running on port 5001
[2025-08-23 20:36:31] [32minfo[39m: Database connected successfully
[2025-08-23 20:36:54] [32minfo[39m: Server running on port 5001
[2025-08-23 20:36:54] [32minfo[39m: Database connected successfully
[2025-08-23 20:37:05] [32minfo[39m: Server running on port 5001
[2025-08-23 20:37:05] [32minfo[39m: Database connected successfully
[2025-08-23 20:37:08] [32minfo[39m: Server running on port 5001
[2025-08-23 20:37:08] [32minfo[39m: Database connected successfully
[2025-08-23 20:37:32] [32minfo[39m: Server running on port 5001
[2025-08-23 20:37:32] [32minfo[39m: Database connected successfully
[2025-08-23 20:37:53] [32minfo[39m: Server running on port 5001
[2025-08-23 20:37:53] [32minfo[39m: Database connected successfully
[2025-08-23 20:37:57] [32minfo[39m: Server running on port 5001
[2025-08-23 20:37:58] [32minfo[39m: Database connected successfully
[2025-08-23 20:37:59] [32minfo[39m: Server running on port 5001
[2025-08-23 20:37:59] [32minfo[39m: Database connected successfully
[2025-08-23 20:38:11] [32minfo[39m: Server running on port 5001
[2025-08-23 20:38:11] [32minfo[39m: Database connected successfully
[2025-08-23 20:38:19] [32minfo[39m: Server running on port 5001
[2025-08-23 20:38:19] [32minfo[39m: Database connected successfully
[2025-08-23 20:38:33] [32minfo[39m: Server running on port 5001
[2025-08-23 20:38:33] [32minfo[39m: Database connected successfully
[2025-08-23 20:38:52] [32minfo[39m: Server running on port 5001
[2025-08-23 20:38:52] [32minfo[39m: Database connected successfully
[2025-08-23 20:39:02] [32minfo[39m: Server running on port 5001
[2025-08-23 20:39:02] [32minfo[39m: Database connected successfully
[2025-08-23 20:39:39] [32minfo[39m: Server running on port 5001
[2025-08-23 20:39:39] [32minfo[39m: Database connected successfully
[2025-08-23 20:40:35] [32minfo[39m: Server running on port 5001
[2025-08-23 20:40:35] [32minfo[39m: Database connected successfully
[2025-08-23 20:41:19] [32minfo[39m: Server running on port 5001
[2025-08-23 20:41:19] [32minfo[39m: Database connected successfully
[2025-08-23 20:41:26] [32minfo[39m: Server running on port 5001
[2025-08-23 20:41:26] [32minfo[39m: Database connected successfully
[2025-08-23 20:41:35] [32minfo[39m: Server running on port 5001
[2025-08-23 20:41:35] [32minfo[39m: Database connected successfully
[2025-08-23 20:41:52] [32minfo[39m: Server running on port 5001
[2025-08-23 20:41:52] [32minfo[39m: Database connected successfully
[2025-08-23 20:42:05] [32minfo[39m: Server running on port 5001
[2025-08-23 20:42:05] [32minfo[39m: Database connected successfully
[2025-08-23 20:42:14] [32minfo[39m: Server running on port 5001
[2025-08-23 20:42:14] [32minfo[39m: Database connected successfully
[2025-08-23 20:42:36] [32minfo[39m: Server running on port 5001
[2025-08-23 20:42:36] [32minfo[39m: Database connected successfully
[2025-08-23 20:42:58] [32minfo[39m: Server running on port 5001
[2025-08-23 20:42:58] [32minfo[39m: Database connected successfully
[2025-08-23 20:43:02] [32minfo[39m: Server running on port 5001
[2025-08-23 20:43:02] [32minfo[39m: Database connected successfully
[2025-08-23 20:43:06] [32minfo[39m: Server running on port 5001
[2025-08-23 20:43:06] [32minfo[39m: Database connected successfully
[2025-08-23 20:43:12] [32minfo[39m: Server running on port 5001
[2025-08-23 20:43:12] [32minfo[39m: Database connected successfully
[2025-08-23 20:43:19] [32minfo[39m: Server running on port 5001
[2025-08-23 20:43:19] [32minfo[39m: Database connected successfully
[2025-08-23 20:43:21] [32minfo[39m: Server running on port 5001
[2025-08-23 20:43:21] [32minfo[39m: Database connected successfully
[2025-08-23 20:43:35] [32minfo[39m: Server running on port 5001
[2025-08-23 20:43:35] [32minfo[39m: Database connected successfully
[2025-08-23 20:43:46] [32minfo[39m: Server running on port 5001
[2025-08-23 20:43:46] [32minfo[39m: Database connected successfully
[2025-08-23 20:43:51] [32minfo[39m: Server running on port 5001
[2025-08-23 20:43:51] [32minfo[39m: Database connected successfully
[2025-08-23 20:44:05] [32minfo[39m: Server running on port 5001
[2025-08-23 20:44:05] [32minfo[39m: Database connected successfully
[2025-08-23 20:44:23] [32minfo[39m: Server running on port 5001
[2025-08-23 20:44:23] [32minfo[39m: Database connected successfully
[2025-08-23 20:45:04] [32minfo[39m: Server running on port 5001
[2025-08-23 20:45:04] [32minfo[39m: Database connected successfully
[2025-08-23 20:45:22] [32minfo[39m: Server running on port 5001
[2025-08-23 20:45:23] [32minfo[39m: Database connected successfully
[2025-08-23 20:45:54] [32minfo[39m: Server running on port 5001
[2025-08-23 20:45:54] [32minfo[39m: Database connected successfully
[2025-08-23 20:46:22] [32minfo[39m: Server running on port 5001
[2025-08-23 20:46:22] [32minfo[39m: Database connected successfully
[2025-08-23 20:47:05] [32minfo[39m: Server running on port 5001
[2025-08-23 20:47:05] [32minfo[39m: Database connected successfully
[2025-08-23 20:47:36] [32minfo[39m: Server running on port 5001
[2025-08-23 20:47:36] [32minfo[39m: Database connected successfully
[2025-08-23 20:48:31] [32minfo[39m: Server running on port 5001
[2025-08-23 20:48:31] [32minfo[39m: Database connected successfully
[2025-08-23 20:48:34] [32minfo[39m: Server running on port 5001
[2025-08-23 20:48:34] [32minfo[39m: Database connected successfully
[2025-08-23 20:48:39] [32minfo[39m: Server running on port 5001
[2025-08-23 20:48:39] [32minfo[39m: Database connected successfully
[2025-08-23 20:48:46] [32minfo[39m: Server running on port 5001
[2025-08-23 20:48:46] [32minfo[39m: Database connected successfully
[2025-08-23 20:48:56] [32minfo[39m: Server running on port 5001
[2025-08-23 20:48:56] [32minfo[39m: Database connected successfully
[2025-08-23 20:51:13] [32minfo[39m: Server running on port 5001
[2025-08-23 20:51:13] [32minfo[39m: Database connected successfully
[2025-08-23 20:51:17] [32minfo[39m: Server running on port 5001
[2025-08-23 20:51:17] [32minfo[39m: Database connected successfully
[2025-08-23 20:52:52] [32minfo[39m: Server running on port 5001
[2025-08-23 20:52:52] [32minfo[39m: Database connected successfully
[2025-08-23 20:54:35] [32minfo[39m: Server running on port 5001
[2025-08-23 20:54:35] [32minfo[39m: Database connected successfully
[2025-08-23 20:54:49] [32minfo[39m: Server running on port 5001
[2025-08-23 20:54:49] [32minfo[39m: Database connected successfully
[2025-08-23 20:54:51] [32minfo[39m: Server running on port 5001
[2025-08-23 20:54:51] [32minfo[39m: Database connected successfully
[2025-08-23 20:56:33] [32minfo[39m: Server running on port 5001
[2025-08-23 20:56:33] [32minfo[39m: Database connected successfully
[2025-08-23 20:56:43] [32minfo[39m: Server running on port 5001
[2025-08-23 20:56:43] [32minfo[39m: Database connected successfully
[2025-08-23 20:57:45] [32minfo[39m: Server running on port 5001
[2025-08-23 20:57:45] [32minfo[39m: Database connected successfully
[2025-08-23 20:58:06] [32minfo[39m: Server running on port 5001
[2025-08-23 20:58:06] [32minfo[39m: Database connected successfully
[2025-08-23 20:58:29] [32minfo[39m: Server running on port 5001
[2025-08-23 20:58:29] [32minfo[39m: Database connected successfully
[2025-08-23 20:58:40] [32minfo[39m: Server running on port 5001
[2025-08-23 20:58:40] [32minfo[39m: Database connected successfully
[2025-08-23 20:58:45] [32minfo[39m: Server running on port 5001
[2025-08-23 20:58:45] [32minfo[39m: Database connected successfully
[2025-08-23 20:58:54] [32minfo[39m: Server running on port 5001
[2025-08-23 20:58:54] [32minfo[39m: Database connected successfully
[2025-08-23 21:00:45] [32minfo[39m: Server running on port 5001
[2025-08-23 21:00:45] [32minfo[39m: Database connected successfully
[2025-08-23 21:01:00] [32minfo[39m: Server running on port 5001
[2025-08-23 21:01:00] [32minfo[39m: Database connected successfully
[2025-08-23 21:01:05] [31merror[39m: Error in register: User is not defined
[2025-08-23 21:01:35] [32minfo[39m: Server running on port 5001
[2025-08-23 21:01:35] [32minfo[39m: Database connected successfully
[2025-08-23 21:02:19] [32minfo[39m: Server running on port 5001
[2025-08-23 21:02:19] [32minfo[39m: Database connected successfully
[2025-08-23 21:02:25] [32minfo[39m: Server running on port 5001
[2025-08-23 21:02:25] [32minfo[39m: Database connected successfully
[2025-08-23 21:03:48] [32minfo[39m: Server running on port 5001
[2025-08-23 21:03:48] [32minfo[39m: Database connected successfully
[2025-08-23 21:04:46] [32minfo[39m: Server running on port 5001
[2025-08-23 21:04:46] [32minfo[39m: Database connected successfully
[2025-08-23 21:05:35] [32minfo[39m: Server running on port 5001
[2025-08-23 21:05:35] [32minfo[39m: Database connected successfully
[2025-08-23 21:05:47] [32minfo[39m: Server running on port 5001
[2025-08-23 21:05:47] [32minfo[39m: Database connected successfully
[2025-08-23 21:25:46] [32minfo[39m: Server running on port 5001
[2025-08-23 21:25:46] [32minfo[39m: Database connected successfully
[2025-08-23 21:25:55] [32minfo[39m: Server running on port 5001
[2025-08-23 21:25:55] [32minfo[39m: Database connected successfully
[2025-08-23 21:26:13] [32minfo[39m: Server running on port 5001
[2025-08-23 21:26:13] [32minfo[39m: Database connected successfully
[2025-08-23 21:26:31] [32minfo[39m: Server running on port 5001
[2025-08-23 21:26:31] [32minfo[39m: Database connected successfully
[2025-08-23 21:26:53] [32minfo[39m: Server running on port 5001
[2025-08-23 21:26:53] [32minfo[39m: Database connected successfully
[2025-08-23 21:26:58] [32minfo[39m: Server running on port 5001
[2025-08-23 21:26:58] [32minfo[39m: Database connected successfully
[2025-08-23 21:27:49] [32minfo[39m: Server running on port 5001
[2025-08-23 21:27:49] [32minfo[39m: Database connected successfully
[2025-08-23 21:27:54] [32minfo[39m: Server running on port 5001
[2025-08-23 21:27:54] [32minfo[39m: Database connected successfully
[2025-08-23 21:28:01] [32minfo[39m: Server running on port 5001
[2025-08-23 21:28:01] [32minfo[39m: Database connected successfully
[2025-08-23 21:28:16] [32minfo[39m: Server running on port 5001
[2025-08-23 21:28:16] [32minfo[39m: Database connected successfully
[2025-08-23 21:28:55] [32minfo[39m: Server running on port 5001
[2025-08-23 21:28:55] [32minfo[39m: Database connected successfully
[2025-08-23 21:29:10] [32minfo[39m: Server running on port 5001
[2025-08-23 21:29:10] [32minfo[39m: Database connected successfully
[2025-08-23 21:29:20] [32minfo[39m: Server running on port 5001
[2025-08-23 21:29:20] [32minfo[39m: Database connected successfully
[2025-08-23 21:29:27] [32minfo[39m: Server running on port 5001
[2025-08-23 21:29:27] [32minfo[39m: Database connected successfully
[2025-08-23 21:29:38] [32minfo[39m: Server running on port 5001
[2025-08-23 21:29:38] [32minfo[39m: Database connected successfully
[2025-08-23 21:29:48] [32minfo[39m: Server running on port 5001
[2025-08-23 21:29:48] [32minfo[39m: Database connected successfully
[2025-08-23 21:29:55] [32minfo[39m: Server running on port 5001
[2025-08-23 21:29:55] [32minfo[39m: Database connected successfully
[2025-08-23 21:30:03] [32minfo[39m: Server running on port 5001
[2025-08-23 21:30:03] [32minfo[39m: Database connected successfully
[2025-08-23 21:30:07] [32minfo[39m: Server running on port 5001
[2025-08-23 21:30:07] [32minfo[39m: Database connected successfully
[2025-08-23 21:30:17] [32minfo[39m: Server running on port 5001
[2025-08-23 21:30:17] [32minfo[39m: Database connected successfully
[2025-08-23 21:30:22] [32minfo[39m: Server running on port 5001
[2025-08-23 21:30:22] [32minfo[39m: Database connected successfully
[2025-08-23 21:30:46] [32minfo[39m: Server running on port 5001
[2025-08-23 21:30:46] [32minfo[39m: Database connected successfully
[2025-08-23 21:32:16] [32minfo[39m: Server running on port 5001
[2025-08-23 21:32:16] [32minfo[39m: Database connected successfully
[2025-08-23 21:32:56] [32minfo[39m: Server running on port 5001
[2025-08-23 21:32:56] [32minfo[39m: Database connected successfully
[2025-08-23 21:33:24] [32minfo[39m: Server running on port 5001
[2025-08-23 21:33:24] [32minfo[39m: Database connected successfully
[2025-08-23 21:33:47] [32minfo[39m: Server running on port 5001
[2025-08-23 21:33:47] [32minfo[39m: Database connected successfully
[2025-08-23 21:34:04] [32minfo[39m: Server running on port 5001
[2025-08-23 21:34:04] [32minfo[39m: Database connected successfully
[2025-08-23 21:35:37] [32minfo[39m: Server running on port 5001
[2025-08-23 21:35:37] [32minfo[39m: Database connected successfully
[2025-08-23 21:36:28] [32minfo[39m: Server running on port 5001
[2025-08-23 21:36:28] [32minfo[39m: Database connected successfully
[2025-08-23 21:36:33] [32minfo[39m: Server running on port 5001
[2025-08-23 21:36:33] [32minfo[39m: Database connected successfully
[2025-08-23 21:36:50] [32minfo[39m: Server running on port 5001
[2025-08-23 21:36:50] [32minfo[39m: Database connected successfully
[2025-08-23 21:36:52] [32minfo[39m: false
[2025-08-23 21:38:03] [32minfo[39m: Server running on port 5001
[2025-08-23 21:38:03] [32minfo[39m: Database connected successfully
[2025-08-23 21:38:05] [32minfo[39m: true
[2025-08-23 21:38:12] [32minfo[39m: Server running on port 5001
[2025-08-23 21:38:12] [32minfo[39m: Database connected successfully
[2025-08-23 21:38:15] [32minfo[39m: true
[2025-08-23 21:38:30] [32minfo[39m: Server running on port 5001
[2025-08-23 21:38:30] [32minfo[39m: Database connected successfully
[2025-08-23 21:38:32] [32minfo[39m: true
[2025-08-23 21:38:32] [31merror[39m: [object Object]
[2025-08-23 21:38:57] [32minfo[39m: Server running on port 5001
[2025-08-23 21:38:57] [32minfo[39m: Database connected successfully
[2025-08-23 21:39:11] [32minfo[39m: Server running on port 5001
[2025-08-23 21:39:11] [32minfo[39m: Database connected successfully
[2025-08-23 21:39:12] [32minfo[39m: true
[2025-08-23 21:39:12] [31merror[39m: env is not defined
[2025-08-23 21:39:46] [32minfo[39m: Server running on port 5001
[2025-08-23 21:39:46] [32minfo[39m: Database connected successfully
[2025-08-23 21:39:47] [32minfo[39m: true
[2025-08-23 21:39:47] [31merror[39m: env is not defined
[2025-08-23 21:40:20] [32minfo[39m: Server running on port 5001
[2025-08-23 21:40:20] [32minfo[39m: Database connected successfully
[2025-08-23 21:40:22] [32minfo[39m: true
[2025-08-23 21:40:22] [31merror[39m: env is not defined
[2025-08-23 21:40:38] [32minfo[39m: Server running on port 5001
[2025-08-23 21:40:38] [32minfo[39m: Database connected successfully
[2025-08-23 21:40:40] [32minfo[39m: true
[2025-08-23 21:41:29] [32minfo[39m: Server running on port 5001
[2025-08-23 21:41:29] [32minfo[39m: Database connected successfully
[2025-08-23 21:42:40] [32minfo[39m: Server running on port 5001
[2025-08-23 21:42:40] [32minfo[39m: Database connected successfully
[2025-08-23 21:43:13] [32minfo[39m: Server running on port 5001
[2025-08-23 21:43:13] [32minfo[39m: Database connected successfully
[2025-08-23 21:43:17] [32minfo[39m: true
[2025-08-23 21:43:17] [31merror[39m: env is not defined
[2025-08-23 21:43:45] [32minfo[39m: Server running on port 5001
[2025-08-23 21:43:45] [32minfo[39m: Database connected successfully
[2025-08-23 21:43:48] [32minfo[39m: true
[2025-08-23 21:44:17] [32minfo[39m: Server running on port 5001
[2025-08-23 21:44:17] [32minfo[39m: Database connected successfully
[2025-08-23 21:45:20] [32minfo[39m: Server running on port 5001
[2025-08-23 21:45:20] [32minfo[39m: Database connected successfully
[2025-08-23 21:45:32] [32minfo[39m: Server running on port 5001
[2025-08-23 21:45:32] [32minfo[39m: Database connected successfully
[2025-08-23 21:45:44] [32minfo[39m: Server running on port 5001
[2025-08-23 21:45:44] [32minfo[39m: Database connected successfully
[2025-08-23 21:46:24] [32minfo[39m: Server running on port 5001
[2025-08-23 21:46:24] [32minfo[39m: Database connected successfully
[2025-08-23 21:46:27] [32minfo[39m: Server running on port 5001
[2025-08-23 21:46:27] [32minfo[39m: Database connected successfully
[2025-08-23 21:48:30] [32minfo[39m: Server running on port 5001
[2025-08-23 21:48:30] [32minfo[39m: Database connected successfully
[2025-08-23 21:48:37] [32minfo[39m: Server running on port 5001
[2025-08-23 21:48:37] [32minfo[39m: Database connected successfully
[2025-08-23 21:48:47] [32minfo[39m: true
[2025-08-23 21:52:26] [32minfo[39m: Server running on port 5001
[2025-08-23 21:52:26] [32minfo[39m: Database connected successfully
[2025-08-23 21:52:34] [32minfo[39m: Server running on port 5001
[2025-08-23 21:52:34] [32minfo[39m: Database connected successfully
[2025-08-23 21:52:37] [32minfo[39m: Server running on port 5001
[2025-08-23 21:52:37] [32minfo[39m: Database connected successfully
[2025-08-23 21:54:27] [32minfo[39m: Server running on port 5001
[2025-08-23 21:54:27] [32minfo[39m: Database connected successfully
[2025-08-23 21:55:24] [32minfo[39m: true
[2025-08-23 21:56:26] [32minfo[39m: true
[2025-08-23 21:57:17] [32minfo[39m: Server running on port 5001
[2025-08-23 21:57:17] [32minfo[39m: Database connected successfully
[2025-08-23 21:57:28] [32minfo[39m: Server running on port 5001
[2025-08-23 21:57:28] [32minfo[39m: Database connected successfully
[2025-08-23 21:57:53] [32minfo[39m: Server running on port 5001
[2025-08-23 21:57:53] [32minfo[39m: Database connected successfully
[2025-08-23 21:59:02] [32minfo[39m: Server running on port 5001
[2025-08-23 21:59:02] [32minfo[39m: Database connected successfully
[2025-08-23 21:59:06] [32minfo[39m: Server running on port 5001
[2025-08-23 21:59:06] [32minfo[39m: Database connected successfully
[2025-08-23 21:59:09] [31merror[39m: Cannot read properties of undefined (reading 'id')
[2025-08-23 21:59:43] [32minfo[39m: Server running on port 5001
[2025-08-23 21:59:43] [32minfo[39m: Database connected successfully
[2025-08-23 21:59:45] [31merror[39m: Cannot read properties of undefined (reading '_id')
[2025-08-23 21:59:54] [32minfo[39m: Server running on port 5001
[2025-08-23 21:59:54] [32minfo[39m: Database connected successfully
[2025-08-23 22:00:03] [32minfo[39m: Server running on port 5001
[2025-08-23 22:00:03] [32minfo[39m: Database connected successfully
[2025-08-23 22:00:04] [31merror[39m: Cannot read properties of undefined (reading 'id')
[2025-08-23 22:00:11] [32minfo[39m: Server running on port 5001
[2025-08-23 22:00:11] [32minfo[39m: Database connected successfully
[2025-08-23 22:00:12] [31merror[39m: Cannot read properties of undefined (reading 'id')
[2025-08-23 22:00:45] [32minfo[39m: Server running on port 5001
[2025-08-23 22:00:45] [32minfo[39m: Database connected successfully
[2025-08-23 22:00:47] [31merror[39m: Cannot read properties of undefined (reading 'id')
[2025-08-23 22:01:01] [32minfo[39m: Server running on port 5001
[2025-08-23 22:01:01] [32minfo[39m: Database connected successfully
[2025-08-23 22:01:22] [32minfo[39m: Server running on port 5001
[2025-08-23 22:01:22] [32minfo[39m: Database connected successfully
[2025-08-23 22:01:38] [32minfo[39m: true
[2025-08-23 22:03:18] [32minfo[39m: Server running on port 5001
[2025-08-23 22:03:18] [32minfo[39m: Database connected successfully
[2025-08-23 22:05:54] [32minfo[39m: Server running on port 5001
[2025-08-23 22:05:54] [32minfo[39m: Database connected successfully
[2025-08-23 22:05:56] [32minfo[39m: Server running on port 5001
[2025-08-23 22:05:56] [32minfo[39m: Database connected successfully
[2025-08-23 22:06:16] [32minfo[39m: Server running on port 5001
[2025-08-23 22:06:16] [32minfo[39m: Database connected successfully
[2025-08-23 22:06:20] [32minfo[39m: Server running on port 5001
[2025-08-23 22:06:20] [32minfo[39m: Database connected successfully
[2025-08-23 22:06:27] [32minfo[39m: true
[2025-08-23 22:07:54] [32minfo[39m: Server running on port 5001
[2025-08-23 22:07:54] [32minfo[39m: Database connected successfully
[2025-08-23 22:09:34] [32minfo[39m: Server running on port 5001
[2025-08-23 22:09:34] [32minfo[39m: Database connected successfully
[2025-08-23 22:09:46] [32minfo[39m: true
[2025-08-23 22:10:39] [32minfo[39m: Server running on port 5001
[2025-08-23 22:10:39] [32minfo[39m: Database connected successfully
[2025-08-23 22:12:15] [32minfo[39m: Server running on port 5001
[2025-08-23 22:12:15] [32minfo[39m: Database connected successfully
[2025-08-23 22:12:23] [32minfo[39m: true
[2025-08-23 22:13:23] [32minfo[39m: Server running on port 5001
[2025-08-23 22:13:23] [32minfo[39m: Database connected successfully
[2025-08-24 07:16:03] [32minfo[39m: Server running on port 5001
[2025-08-24 07:16:03] [32minfo[39m: Database connected successfully
[2025-08-24 07:18:58] [32minfo[39m: Server running on port 5001
[2025-08-24 07:18:58] [32minfo[39m: Database connected successfully
[2025-08-24 07:20:48] [32minfo[39m: Server running on port 5001
[2025-08-24 07:20:48] [32minfo[39m: Database connected successfully
[2025-08-24 07:21:03] [32minfo[39m: Server running on port 5001
[2025-08-24 07:21:03] [32minfo[39m: Database connected successfully
[2025-08-24 07:21:51] [32minfo[39m: Server running on port 5001
[2025-08-24 07:21:51] [32minfo[39m: Database connected successfully
[2025-08-24 07:22:22] [32minfo[39m: true
[2025-08-24 07:22:22] [32minfo[39m: eyJhbGciOiJIUzI1NiIsInR5cCI6IkpXVCJ9.eyJpZCI6IjY4YTlkZjMzODQ5NWQ3YmY0N2EwYjg2ZiIsInJvbGUiOiJtZW1iZXIiLCJpYXQiOjE3NTYwMDAzNDIsImV4cCI6MTc1NjAwMTI0Mn0.jwCobYKrNEYqLXDjDDVbTgO4wxui5Gt6mLwq-Lo4Hp8
[2025-08-24 07:22:39] [32minfo[39m: true
[2025-08-24 07:22:39] [32minfo[39m: eyJhbGciOiJIUzI1NiIsInR5cCI6IkpXVCJ9.eyJpZCI6IjY4YTlkZjMzODQ5NWQ3YmY0N2EwYjg2ZiIsInJvbGUiOiJtZW1iZXIiLCJpYXQiOjE3NTYwMDAzNTksImV4cCI6MTc1NjAwMTI1OX0.yXXM2DbfbuzDK7aA6a0Yu3qZX27DA56PrKcmNHM28OA
[2025-08-24 07:24:03] [32minfo[39m: Server running on port 5001
[2025-08-24 07:24:03] [32minfo[39m: Database connected successfully
[2025-08-24 07:24:13] [32minfo[39m: true
[2025-08-24 07:24:13] [32minfo[39m: eyJhbGciOiJIUzI1NiIsInR5cCI6IkpXVCJ9.eyJpZCI6IjY4YTlkZjMzODQ5NWQ3YmY0N2EwYjg2ZiIsInJvbGUiOiJtZW1iZXIiLCJpYXQiOjE3NTYwMDA0NTMsImV4cCI6MTc1NjAwMTM1M30.UsDkb1YImG19JZnV4eAA5hc5bQrHG879PLzcSLxkjY4
[2025-08-24 07:25:09] [32minfo[39m: Server running on port 5001
[2025-08-24 07:25:09] [32minfo[39m: Database connected successfully
[2025-08-24 07:28:03] [32minfo[39m: true
[2025-08-24 07:28:04] [32minfo[39m: eyJhbGciOiJIUzI1NiIsInR5cCI6IkpXVCJ9.eyJpZCI6IjY4YTlkZjMzODQ5NWQ3YmY0N2EwYjg2ZiIsInJvbGUiOiJtZW1iZXIiLCJpYXQiOjE3NTYwMDA2ODMsImV4cCI6MTc1NjAwMTU4M30.KkIy4vFggKLOAGOeaq2k4rzwJ3HrLMX7GEuBIN5Wetc
[2025-08-24 07:31:20] [32minfo[39m: Server running on port 5001
[2025-08-24 07:31:20] [32minfo[39m: Database connected successfully
[2025-08-24 07:37:19] [32minfo[39m: Server running on port 5001
[2025-08-24 07:37:19] [32minfo[39m: Database connected successfully
[2025-08-24 07:37:37] [32minfo[39m: Server running on port 5001
[2025-08-24 07:37:37] [32minfo[39m: Database connected successfully
[2025-08-24 07:40:13] [32minfo[39m: true
[2025-08-24 07:40:13] [32minfo[39m: eyJhbGciOiJIUzI1NiIsInR5cCI6IkpXVCJ9.eyJpZCI6IjY4YTlkZjMzODQ5NWQ3YmY0N2EwYjg2ZiIsInJvbGUiOiJtZW1iZXIiLCJpYXQiOjE3NTYwMDE0MTMsImV4cCI6MTc1NjAwMjMxM30.GTydcd6I6bM_i9-ArHezpqgkPgQ9jeeukvacFVmYrK8
[2025-08-24 08:26:27] [32minfo[39m: Server running on port 5001
[2025-08-24 08:26:27] [32minfo[39m: Database connected successfully
[2025-08-24 08:27:17] [32minfo[39m: Server running on port 5001
[2025-08-24 08:27:17] [32minfo[39m: Database connected successfully
[2025-08-24 08:27:37] [32minfo[39m: Server running on port 5001
[2025-08-24 08:27:37] [32minfo[39m: Database connected successfully
[2025-08-24 08:27:48] [32minfo[39m: true
[2025-08-24 08:27:48] [32minfo[39m: eyJhbGciOiJIUzI1NiIsInR5cCI6IkpXVCJ9.eyJpZCI6IjY4YTlkZjMzODQ5NWQ3YmY0N2EwYjg2ZiIsInJvbGUiOiJtZW1iZXIiLCJpYXQiOjE3NTYwMDQyNjgsImV4cCI6MTc1NjAwNTE2OH0.Dkvg_H-dNFxbu7c_RHgI2vLNGJpRheNO4T0pZM-iZ58
[2025-08-24 08:28:01] [32minfo[39m: 68a9df338495d7bf47a0b86f
[2025-08-24 08:28:01] [32minfo[39m: [object Object]
[2025-08-24 08:29:13] [32minfo[39m: Server running on port 5001
[2025-08-24 08:29:13] [32minfo[39m: Database connected successfully
[2025-08-24 08:29:15] [32minfo[39m: 68a9df338495d7bf47a0b86f
[2025-08-24 08:29:15] [32minfo[39m: [object Object]
[2025-08-24 08:29:39] [32minfo[39m: Server running on port 5001
[2025-08-24 08:29:39] [32minfo[39m: Database connected successfully
[2025-08-24 08:29:44] [32minfo[39m: undefined
[2025-08-24 08:29:44] [32minfo[39m: [object Object]
[2025-08-24 08:30:00] [32minfo[39m: Server running on port 5001
[2025-08-24 08:30:00] [32minfo[39m: Database connected successfully
[2025-08-24 08:30:02] [32minfo[39m: 68a9df338495d7bf47a0b86f
[2025-08-24 08:30:02] [32minfo[39m: [object Object]
[2025-08-24 08:30:19] [32minfo[39m: Server running on port 5001
[2025-08-24 08:30:19] [32minfo[39m: Database connected successfully
[2025-08-24 08:30:20] [32minfo[39m: 68a9df338495d7bf47a0b86f
[2025-08-24 08:30:20] [32minfo[39m: user
[2025-08-24 08:31:05] [32minfo[39m: Server running on port 5001
[2025-08-24 08:31:05] [32minfo[39m: Database connected successfully
[2025-08-24 08:31:10] [32minfo[39m: 68a9df338495d7bf47a0b86f
[2025-08-24 08:31:10] [32minfo[39m: user
[2025-08-24 08:31:23] [32minfo[39m: Server running on port 5001
[2025-08-24 08:31:23] [32minfo[39m: Database connected successfully
[2025-08-24 08:32:36] [32minfo[39m: Server running on port 5001
[2025-08-24 08:32:36] [32minfo[39m: Database connected successfully
[2025-08-24 08:32:38] [32minfo[39m: Server running on port 5001
[2025-08-24 08:32:38] [32minfo[39m: Database connected successfully
[2025-08-24 08:33:23] [32minfo[39m: Server running on port 5001
[2025-08-24 08:33:23] [32minfo[39m: Database connected successfully
[2025-08-24 08:34:07] [32minfo[39m: Server running on port 5001
[2025-08-24 08:34:07] [32minfo[39m: Database connected successfully
[2025-08-24 08:34:30] [32minfo[39m: Server running on port 5001
[2025-08-24 08:34:30] [32minfo[39m: Database connected successfully
[2025-08-24 08:35:57] [32minfo[39m: true
[2025-08-24 08:35:57] [32minfo[39m: eyJhbGciOiJIUzI1NiIsInR5cCI6IkpXVCJ9.eyJpZCI6IjY4YWE4MTYzNjAyZTUzZTkzNzhjNDEwZSIsInJvbGUiOiJhZG1pbiIsImlhdCI6MTc1NjAwNDc1NywiZXhwIjoxNzU2MDA1NjU3fQ.lpPFJBNfDrQjpbvSzVafEmdc9vIYssp_uU0xe27wyEU
[2025-08-24 08:43:16] [32minfo[39m: Server running on port 5001
[2025-08-24 08:43:16] [32minfo[39m: Database connected successfully
[2025-08-24 08:46:21] [32minfo[39m: Server running on port 5001
[2025-08-24 08:46:21] [32minfo[39m: Database connected successfully
[2025-08-24 08:47:13] [32minfo[39m: Server running on port 5001
[2025-08-24 08:47:13] [32minfo[39m: Database connected successfully
[2025-08-24 08:47:32] [32minfo[39m: Server running on port 5001
[2025-08-24 08:47:32] [32minfo[39m: Database connected successfully
[2025-08-24 08:51:30] [32minfo[39m: Server running on port 5001
[2025-08-24 08:51:30] [32minfo[39m: Database connected successfully
[2025-08-24 08:52:18] [32minfo[39m: Server running on port 5001
[2025-08-24 08:52:18] [32minfo[39m: Database connected successfully
[2025-08-24 08:52:59] [32minfo[39m: Server running on port 5001
[2025-08-24 08:52:59] [32minfo[39m: Database connected successfully
[2025-08-24 08:53:15] [32minfo[39m: Server running on port 5001
[2025-08-24 08:53:15] [32minfo[39m: Database connected successfully
[2025-08-24 08:58:56] [32minfo[39m: Server running on port 5001
[2025-08-24 08:58:56] [32minfo[39m: Database connected successfully
[2025-08-24 08:59:13] [32minfo[39m: Server running on port 5001
[2025-08-24 08:59:13] [32minfo[39m: Database connected successfully
[2025-08-24 09:00:29] [32minfo[39m: Server running on port 5001
[2025-08-24 09:00:29] [32minfo[39m: Database connected successfully
[2025-08-24 09:00:59] [32minfo[39m: Server running on port 5001
[2025-08-24 09:00:59] [32minfo[39m: Database connected successfully
[2025-08-24 09:01:05] [32minfo[39m: Server running on port 5001
[2025-08-24 09:01:05] [32minfo[39m: Database connected successfully
[2025-08-24 09:04:16] [32minfo[39m: Server running on port 5001
[2025-08-24 09:04:16] [32minfo[39m: Database connected successfully
[2025-08-24 09:05:34] [32minfo[39m: true
[2025-08-24 09:05:34] [32minfo[39m: eyJhbGciOiJIUzI1NiIsInR5cCI6IkpXVCJ9.eyJpZCI6IjY4YTlkZjMzODQ5NWQ3YmY0N2EwYjg2ZiIsInJvbGUiOiJtZW1iZXIiLCJpYXQiOjE3NTYwMDY1MzQsImV4cCI6MTc1NjAwNzQzNH0.NgbviXCUc7ay2LgnuyH2a5M_Jolwd-ipH329gzEVNKA
[2025-08-24 09:05:58] [32minfo[39m: true
[2025-08-24 09:05:58] [32minfo[39m: eyJhbGciOiJIUzI1NiIsInR5cCI6IkpXVCJ9.eyJpZCI6IjY4YWE4MTYzNjAyZTUzZTkzNzhjNDEwZSIsInJvbGUiOiJhZG1pbiIsImlhdCI6MTc1NjAwNjU1OCwiZXhwIjoxNzU2MDA3NDU4fQ.Uwbn1Wo-NFISrRKrGj-pAb95I_Rre6cv7g5i3wUUZL8
[2025-08-24 09:08:18] [32minfo[39m: Server running on port 5001
[2025-08-24 09:08:18] [32minfo[39m: Database connected successfully
[2025-08-24 09:09:34] [32minfo[39m: Server running on port 5001
[2025-08-24 09:09:34] [32minfo[39m: Database connected successfully
[2025-08-24 09:09:44] [32minfo[39m: Server running on port 5001
[2025-08-24 09:09:44] [32minfo[39m: Database connected successfully
[2025-08-24 09:10:43] [32minfo[39m: Server running on port 5001
[2025-08-24 09:10:43] [32minfo[39m: Database connected successfully
[2025-08-24 09:11:17] [31merror[39m: Error creating membership plan: MembershipPlan is not defined
[2025-08-24 09:11:50] [32minfo[39m: Server running on port 5001
[2025-08-24 09:11:50] [32minfo[39m: Database connected successfully
[2025-08-24 09:11:52] [32minfo[39m: Membership plan created: Monthly Plan
[2025-08-24 09:12:25] [32minfo[39m: Server running on port 5001
[2025-08-24 09:12:25] [32minfo[39m: Database connected successfully
[2025-08-24 09:13:26] [32minfo[39m: Server running on port 5001
[2025-08-24 09:13:26] [32minfo[39m: Database connected successfully
[2025-08-24 09:13:57] [32minfo[39m: Server running on port 5001
[2025-08-24 09:13:57] [32minfo[39m: Database connected successfully
[2025-08-24 09:14:55] [32minfo[39m: Server running on port 5001
[2025-08-24 09:14:55] [32minfo[39m: Database connected successfully
[2025-08-24 09:15:08] [32minfo[39m: Server running on port 5001
[2025-08-24 09:15:08] [32minfo[39m: Database connected successfully
[2025-08-24 09:15:39] [32minfo[39m: Server running on port 5001
[2025-08-24 09:15:39] [32minfo[39m: Database connected successfully
[2025-08-24 09:15:48] [32minfo[39m: Server running on port 5001
[2025-08-24 09:15:48] [32minfo[39m: Database connected successfully
[2025-08-24 09:16:03] [32minfo[39m: Server running on port 5001
[2025-08-24 09:16:03] [32minfo[39m: Database connected successfully
[2025-08-24 09:16:09] [32minfo[39m: Server running on port 5001
[2025-08-24 09:16:09] [32minfo[39m: Database connected successfully
[2025-08-24 09:16:20] [32minfo[39m: Server running on port 5001
[2025-08-24 09:16:20] [32minfo[39m: Database connected successfully
[2025-08-24 09:16:36] [32minfo[39m: Server running on port 5001
[2025-08-24 09:16:36] [32minfo[39m: Database connected successfully
[2025-08-24 09:16:58] [32minfo[39m: Server running on port 5001
[2025-08-24 09:16:58] [32minfo[39m: Database connected successfully
[2025-08-24 09:17:26] [32minfo[39m: Server running on port 5001
[2025-08-24 09:17:26] [32minfo[39m: Database connected successfully
[2025-08-24 09:17:59] [32minfo[39m: Server running on port 5001
[2025-08-24 09:17:59] [32minfo[39m: Database connected successfully
[2025-08-24 09:20:48] [32minfo[39m: true
[2025-08-24 09:20:48] [32minfo[39m: eyJhbGciOiJIUzI1NiIsInR5cCI6IkpXVCJ9.eyJpZCI6IjY4YTlkZWRjYWYyNGE4OWVlYzI3OTY3YiIsInJvbGUiOiJtZW1iZXIiLCJpYXQiOjE3NTYwMDc0NDgsImV4cCI6MTc1NjAwODM0OH0.ZYM9ehCkKohxjDy39FSJ0JHQXwIRAMfWcFa7S6_4GCY
[2025-08-24 09:22:15] [32minfo[39m: Server running on port 5001
[2025-08-24 09:22:15] [32minfo[39m: Database connected successfully
[2025-08-24 09:22:22] [32minfo[39m: Server running on port 5001
[2025-08-24 09:22:22] [32minfo[39m: Database connected successfully
[2025-08-24 09:22:53] [32minfo[39m: Server running on port 5001
[2025-08-24 09:22:53] [32minfo[39m: Database connected successfully
[2025-08-24 09:23:11] [32minfo[39m: Server running on port 5001
[2025-08-24 09:23:11] [32minfo[39m: Database connected successfully
[2025-08-24 09:23:16] [32minfo[39m: Server running on port 5001
[2025-08-24 09:23:16] [32minfo[39m: Database connected successfully
[2025-08-24 09:24:06] [32minfo[39m: User undefined is attempting to subscribe to plan 68aa8a00185254260ce2a631
[2025-08-24 09:24:06] [31merror[39m: Error subscribing to plan: UserMembership is not defined
[2025-08-24 09:24:54] [32minfo[39m: Server running on port 5001
[2025-08-24 09:24:54] [32minfo[39m: Database connected successfully
[2025-08-24 09:24:58] [32minfo[39m: User undefined is attempting to subscribe to plan 68aa8a00185254260ce2a631
[2025-08-24 09:24:58] [31merror[39m: Error subscribing to plan: UserMembership validation failed: userId: Path `userId` is required.
[2025-08-24 09:27:11] [32minfo[39m: Server running on port 5001
[2025-08-24 09:27:11] [32minfo[39m: Database connected successfully
[2025-08-24 09:27:14] [32minfo[39m: undefined
[2025-08-24 09:27:14] [32minfo[39m: User undefined is attempting to subscribe to plan 68aa8a00185254260ce2a631
[2025-08-24 09:27:14] [31merror[39m: Error subscribing to plan: UserMembership validation failed: userId: Path `userId` is required.
[2025-08-24 09:28:20] [32minfo[39m: Server running on port 5001
[2025-08-24 09:28:20] [32minfo[39m: Database connected successfully
[2025-08-24 09:28:23] [32minfo[39m: 68a9dedcaf24a89eec27967b
[2025-08-24 09:28:23] [32minfo[39m: User undefined is attempting to subscribe to plan 68aa8a00185254260ce2a631
[2025-08-24 09:28:23] [31merror[39m: Error subscribing to plan: UserMembership validation failed: userId: Path `userId` is required.
[2025-08-24 09:29:38] [32minfo[39m: Server running on port 5001
[2025-08-24 09:29:38] [32minfo[39m: Database connected successfully
[2025-08-24 09:29:39] [32minfo[39m: 68aa8a00185254260ce2a631
[2025-08-24 09:29:39] [32minfo[39m: User undefined is attempting to subscribe to plan 68aa8a00185254260ce2a631
[2025-08-24 09:29:39] [31merror[39m: Error subscribing to plan: UserMembership validation failed: userId: Path `userId` is required.
[2025-08-24 09:30:07] [32minfo[39m: Server running on port 5001
[2025-08-24 09:30:07] [32minfo[39m: Database connected successfully
[2025-08-24 09:30:09] [32minfo[39m: 68aa8a00185254260ce2a631
[2025-08-24 09:30:09] [32minfo[39m: User 68a9dedcaf24a89eec27967b is attempting to subscribe to plan 68aa8a00185254260ce2a631
[2025-08-24 09:30:09] [31merror[39m: Error subscribing to plan: UserMembership validation failed: userId: Path `userId` is required.
[2025-08-24 09:31:20] [32minfo[39m: Server running on port 5001
[2025-08-24 09:31:20] [32minfo[39m: Database connected successfully
[2025-08-24 09:31:27] [32minfo[39m: 68aa8a00185254260ce2a631
[2025-08-24 09:31:27] [32minfo[39m: User 68a9dedcaf24a89eec27967b is attempting to subscribe to plan 68aa8a00185254260ce2a631
[2025-08-24 09:31:27] [32minfo[39m: User undefined subscribed to plan Monthly Plan
[2025-08-24 09:32:45] [32minfo[39m: Server running on port 5001
[2025-08-24 09:32:45] [32minfo[39m: Database connected successfully
[2025-08-24 09:33:04] [32minfo[39m: Server running on port 5001
[2025-08-24 09:33:04] [32minfo[39m: Database connected successfully
[2025-08-24 09:33:34] [32minfo[39m: Server running on port 5001
[2025-08-24 09:33:35] [32minfo[39m: Database connected successfully
[2025-08-24 09:34:31] [32minfo[39m: true
[2025-08-24 09:34:31] [32minfo[39m: eyJhbGciOiJIUzI1NiIsInR5cCI6IkpXVCJ9.eyJpZCI6IjY4YTlkZWRjYWYyNGE4OWVlYzI3OTY3YiIsInJvbGUiOiJtZW1iZXIiLCJpYXQiOjE3NTYwMDgyNzEsImV4cCI6MTc1NjAwOTE3MX0.-YXyP2baD6QuI46iCczEq5RH_rePlXiOjkohNXGgc9w
[2025-08-24 09:36:46] [32minfo[39m: true
[2025-08-24 09:36:46] [32minfo[39m: eyJhbGciOiJIUzI1NiIsInR5cCI6IkpXVCJ9.eyJpZCI6IjY4YWE4MTYzNjAyZTUzZTkzNzhjNDEwZSIsInJvbGUiOiJhZG1pbiIsImlhdCI6MTc1NjAwODQwNiwiZXhwIjoxNzU2MDA5MzA2fQ.kTz2UM79MU-0qV_ui503vZ3ymaI3GJkmVzGwtLAI5Yo
[2025-08-24 09:38:56] [32minfo[39m: true
[2025-08-24 09:38:56] [32minfo[39m: eyJhbGciOiJIUzI1NiIsInR5cCI6IkpXVCJ9.eyJpZCI6IjY4YWE4MTYzNjAyZTUzZTkzNzhjNDEwZSIsInJvbGUiOiJhZG1pbiIsImlhdCI6MTc1NjAwODUzNiwiZXhwIjoxNzU2MDA5NDM2fQ.zy1AQo0HLibSorf2Jw8F86CdZuErNm1m7fdflESadoQ
[2025-08-24 09:39:16] [32minfo[39m: 68aa8a00185254260ce2a631
[2025-08-24 09:39:16] [32minfo[39m: User 68aa8163602e53e9378c410e is attempting to subscribe to plan 68aa8a00185254260ce2a631
[2025-08-24 09:39:16] [32minfo[39m: User undefined subscribed to plan Monthly Plan
[2025-08-24 09:44:38] [32minfo[39m: true
[2025-08-24 09:44:38] [32minfo[39m: eyJhbGciOiJIUzI1NiIsInR5cCI6IkpXVCJ9.eyJpZCI6IjY4YWE4MTYzNjAyZTUzZTkzNzhjNDEwZSIsInJvbGUiOiJhZG1pbiIsImlhdCI6MTc1NjAwODg3OCwiZXhwIjoxNzU2MDA5Nzc4fQ.KlNg6lWoprdiv291BGqKRlstv172Mi9aDQEqh3zzIqw
[2025-08-24 09:45:47] [32minfo[39m: Server running on port 5001
[2025-08-24 09:45:47] [32minfo[39m: Database connected successfully
[2025-08-24 09:46:00] [32minfo[39m: 68aa8a00185254260ce2a631
[2025-08-24 09:46:00] [32minfo[39m: User 68aa8163602e53e9378c410e is attempting to subscribe to plan 68aa8a00185254260ce2a631
[2025-08-24 09:46:00] [32minfo[39m: User undefined subscribed to plan Monthly Plan
[2025-08-24 10:04:20] [32minfo[39m: Server running on port 5001
[2025-08-24 10:04:20] [32minfo[39m: Database connected successfully
